2023-09-19 10:36:17,932 [main] ERROR o.s.boot.SpringApplication - Application run failed
java.lang.IllegalStateException: java.lang.IllegalStateException: Logback configuration error detected: 
ERROR in ch.qos.logback.core.joran.action.NestedComplexPropertyIA - Could not create component [encoder] of type [net.logstash.logback.encoder.LogstashEncoder] java.lang.ClassNotFoundException: net.logstash.logback.encoder.LogstashEncoder
ERROR in ch.qos.logback.core.joran.spi.Interpreter@34:32 - no applicable action for [includeCallerData], current ElementPath  is [[configuration][appender][encoder][includeCallerData]]
ERROR in ch.qos.logback.core.joran.spi.Interpreter@36:29 - no applicable action for [includeContext], current ElementPath  is [[configuration][appender][encoder][includeContext]]
ERROR in ch.qos.logback.core.joran.spi.Interpreter@37:27 - no applicable action for [customFields], current ElementPath  is [[configuration][appender][encoder][customFields]]
ERROR in ch.qos.logback.core.rolling.RollingFileAppender[LOG_INFO] - No encoder set for the appender named "LOG_INFO".
	at org.springframework.boot.context.logging.LoggingApplicationListener.initializeSystem(LoggingApplicationListener.java:344)
	at org.springframework.boot.context.logging.LoggingApplicationListener.initialize(LoggingApplicationListener.java:298)
	at org.springframework.boot.context.logging.LoggingApplicationListener.onApplicationEnvironmentPreparedEvent(LoggingApplicationListener.java:246)
	at org.springframework.boot.context.logging.LoggingApplicationListener.onApplicationEvent(LoggingApplicationListener.java:223)
	at org.springframework.context.event.SimpleApplicationEventMulticaster.doInvokeListener(SimpleApplicationEventMulticaster.java:176)
	at org.springframework.context.event.SimpleApplicationEventMulticaster.invokeListener(SimpleApplicationEventMulticaster.java:169)
	at org.springframework.context.event.SimpleApplicationEventMulticaster.multicastEvent(SimpleApplicationEventMulticaster.java:143)
	at org.springframework.context.event.SimpleApplicationEventMulticaster.multicastEvent(SimpleApplicationEventMulticaster.java:131)
	at org.springframework.boot.context.event.EventPublishingRunListener.environmentPrepared(EventPublishingRunListener.java:85)
	at org.springframework.boot.SpringApplicationRunListeners.lambda$environmentPrepared$2(SpringApplicationRunListeners.java:66)
	at java.base/java.util.ArrayList.forEach(ArrayList.java:1541)
	at org.springframework.boot.SpringApplicationRunListeners.doWithListeners(SpringApplicationRunListeners.java:120)
	at org.springframework.boot.SpringApplicationRunListeners.doWithListeners(SpringApplicationRunListeners.java:114)
	at org.springframework.boot.SpringApplicationRunListeners.environmentPrepared(SpringApplicationRunListeners.java:65)
	at org.springframework.boot.SpringApplication.prepareEnvironment(SpringApplication.java:343)
	at org.springframework.boot.SpringApplication.run(SpringApplication.java:301)
	at org.springframework.boot.SpringApplication.run(SpringApplication.java:1303)
	at org.springframework.boot.SpringApplication.run(SpringApplication.java:1292)
	at com.nexmotion.SyncNpaApplication.main(SyncNpaApplication.java:23)
Caused by: java.lang.IllegalStateException: Logback configuration error detected: 
ERROR in ch.qos.logback.core.joran.action.NestedComplexPropertyIA - Could not create component [encoder] of type [net.logstash.logback.encoder.LogstashEncoder] java.lang.ClassNotFoundException: net.logstash.logback.encoder.LogstashEncoder
ERROR in ch.qos.logback.core.joran.spi.Interpreter@34:32 - no applicable action for [includeCallerData], current ElementPath  is [[configuration][appender][encoder][includeCallerData]]
ERROR in ch.qos.logback.core.joran.spi.Interpreter@36:29 - no applicable action for [includeContext], current ElementPath  is [[configuration][appender][encoder][includeContext]]
ERROR in ch.qos.logback.core.joran.spi.Interpreter@37:27 - no applicable action for [customFields], current ElementPath  is [[configuration][appender][encoder][customFields]]
ERROR in ch.qos.logback.core.rolling.RollingFileAppender[LOG_INFO] - No encoder set for the appender named "LOG_INFO".
	at org.springframework.boot.logging.logback.LogbackLoggingSystem.reportConfigurationErrorsIfNecessary(LogbackLoggingSystem.java:189)
	at org.springframework.boot.logging.logback.LogbackLoggingSystem.loadConfiguration(LogbackLoggingSystem.java:170)
	at org.springframework.boot.logging.AbstractLoggingSystem.initializeWithConventions(AbstractLoggingSystem.java:80)
	at org.springframework.boot.logging.AbstractLoggingSystem.initialize(AbstractLoggingSystem.java:60)
	at org.springframework.boot.logging.logback.LogbackLoggingSystem.initialize(LogbackLoggingSystem.java:132)
	at org.springframework.boot.context.logging.LoggingApplicationListener.initializeSystem(LoggingApplicationListener.java:329)
	... 18 common frames omitted
	Suppressed: java.lang.ClassNotFoundException: net.logstash.logback.encoder.LogstashEncoder
		at java.base/jdk.internal.loader.BuiltinClassLoader.loadClass(BuiltinClassLoader.java:581)
		at java.base/jdk.internal.loader.ClassLoaders$AppClassLoader.loadClass(ClassLoaders.java:178)
		at java.base/java.lang.ClassLoader.loadClass(ClassLoader.java:521)
		at ch.qos.logback.core.util.Loader.loadClass(Loader.java:120)
		at ch.qos.logback.core.joran.action.NestedComplexPropertyIA.begin(NestedComplexPropertyIA.java:102)
		at ch.qos.logback.core.joran.spi.Interpreter.callBeginAction(Interpreter.java:269)
		at ch.qos.logback.core.joran.spi.Interpreter.startElement(Interpreter.java:145)
		at ch.qos.logback.core.joran.spi.Interpreter.startElement(Interpreter.java:128)
		at ch.qos.logback.core.joran.spi.EventPlayer.play(EventPlayer.java:50)
		at ch.qos.logback.core.joran.GenericConfigurator.doConfigure(GenericConfigurator.java:165)
		at ch.qos.logback.core.joran.GenericConfigurator.doConfigure(GenericConfigurator.java:152)
		at ch.qos.logback.core.joran.GenericConfigurator.doConfigure(GenericConfigurator.java:110)
		at ch.qos.logback.core.joran.GenericConfigurator.doConfigure(GenericConfigurator.java:53)
		at org.springframework.boot.logging.logback.LogbackLoggingSystem.configureByResourceUrl(LogbackLoggingSystem.java:199)
		at org.springframework.boot.logging.logback.LogbackLoggingSystem.loadConfiguration(LogbackLoggingSystem.java:165)
		... 22 common frames omitted
2023-09-19 10:39:57,970 [main] ERROR o.s.boot.SpringApplication - Application run failed
java.lang.IllegalStateException: java.lang.IllegalStateException: Logback configuration error detected: 
ERROR in ch.qos.logback.core.joran.action.NestedComplexPropertyIA - Could not create component [encoder] of type [net.logstash.logback.encoder.LogstashEncoder] java.lang.ClassNotFoundException: net.logstash.logback.encoder.LogstashEncoder
ERROR in ch.qos.logback.core.joran.spi.Interpreter@34:32 - no applicable action for [includeCallerData], current ElementPath  is [[configuration][appender][encoder][includeCallerData]]
ERROR in ch.qos.logback.core.joran.spi.Interpreter@36:29 - no applicable action for [includeContext], current ElementPath  is [[configuration][appender][encoder][includeContext]]
ERROR in ch.qos.logback.core.joran.spi.Interpreter@37:27 - no applicable action for [customFields], current ElementPath  is [[configuration][appender][encoder][customFields]]
ERROR in ch.qos.logback.core.rolling.RollingFileAppender[LOG_INFO] - No encoder set for the appender named "LOG_INFO".
	at org.springframework.boot.context.logging.LoggingApplicationListener.initializeSystem(LoggingApplicationListener.java:344)
	at org.springframework.boot.context.logging.LoggingApplicationListener.initialize(LoggingApplicationListener.java:298)
	at org.springframework.boot.context.logging.LoggingApplicationListener.onApplicationEnvironmentPreparedEvent(LoggingApplicationListener.java:246)
	at org.springframework.boot.context.logging.LoggingApplicationListener.onApplicationEvent(LoggingApplicationListener.java:223)
	at org.springframework.context.event.SimpleApplicationEventMulticaster.doInvokeListener(SimpleApplicationEventMulticaster.java:176)
	at org.springframework.context.event.SimpleApplicationEventMulticaster.invokeListener(SimpleApplicationEventMulticaster.java:169)
	at org.springframework.context.event.SimpleApplicationEventMulticaster.multicastEvent(SimpleApplicationEventMulticaster.java:143)
	at org.springframework.context.event.SimpleApplicationEventMulticaster.multicastEvent(SimpleApplicationEventMulticaster.java:131)
	at org.springframework.boot.context.event.EventPublishingRunListener.environmentPrepared(EventPublishingRunListener.java:85)
	at org.springframework.boot.SpringApplicationRunListeners.lambda$environmentPrepared$2(SpringApplicationRunListeners.java:66)
	at java.base/java.util.ArrayList.forEach(ArrayList.java:1541)
	at org.springframework.boot.SpringApplicationRunListeners.doWithListeners(SpringApplicationRunListeners.java:120)
	at org.springframework.boot.SpringApplicationRunListeners.doWithListeners(SpringApplicationRunListeners.java:114)
	at org.springframework.boot.SpringApplicationRunListeners.environmentPrepared(SpringApplicationRunListeners.java:65)
	at org.springframework.boot.SpringApplication.prepareEnvironment(SpringApplication.java:343)
	at org.springframework.boot.SpringApplication.run(SpringApplication.java:301)
	at org.springframework.boot.SpringApplication.run(SpringApplication.java:1303)
	at org.springframework.boot.SpringApplication.run(SpringApplication.java:1292)
	at com.nexmotion.SyncNpaApplication.main(SyncNpaApplication.java:23)
Caused by: java.lang.IllegalStateException: Logback configuration error detected: 
ERROR in ch.qos.logback.core.joran.action.NestedComplexPropertyIA - Could not create component [encoder] of type [net.logstash.logback.encoder.LogstashEncoder] java.lang.ClassNotFoundException: net.logstash.logback.encoder.LogstashEncoder
ERROR in ch.qos.logback.core.joran.spi.Interpreter@34:32 - no applicable action for [includeCallerData], current ElementPath  is [[configuration][appender][encoder][includeCallerData]]
ERROR in ch.qos.logback.core.joran.spi.Interpreter@36:29 - no applicable action for [includeContext], current ElementPath  is [[configuration][appender][encoder][includeContext]]
ERROR in ch.qos.logback.core.joran.spi.Interpreter@37:27 - no applicable action for [customFields], current ElementPath  is [[configuration][appender][encoder][customFields]]
ERROR in ch.qos.logback.core.rolling.RollingFileAppender[LOG_INFO] - No encoder set for the appender named "LOG_INFO".
	at org.springframework.boot.logging.logback.LogbackLoggingSystem.reportConfigurationErrorsIfNecessary(LogbackLoggingSystem.java:189)
	at org.springframework.boot.logging.logback.LogbackLoggingSystem.loadConfiguration(LogbackLoggingSystem.java:170)
	at org.springframework.boot.logging.AbstractLoggingSystem.initializeWithConventions(AbstractLoggingSystem.java:80)
	at org.springframework.boot.logging.AbstractLoggingSystem.initialize(AbstractLoggingSystem.java:60)
	at org.springframework.boot.logging.logback.LogbackLoggingSystem.initialize(LogbackLoggingSystem.java:132)
	at org.springframework.boot.context.logging.LoggingApplicationListener.initializeSystem(LoggingApplicationListener.java:329)
	... 18 common frames omitted
	Suppressed: java.lang.ClassNotFoundException: net.logstash.logback.encoder.LogstashEncoder
		at java.base/jdk.internal.loader.BuiltinClassLoader.loadClass(BuiltinClassLoader.java:581)
		at java.base/jdk.internal.loader.ClassLoaders$AppClassLoader.loadClass(ClassLoaders.java:178)
		at java.base/java.lang.ClassLoader.loadClass(ClassLoader.java:521)
		at ch.qos.logback.core.util.Loader.loadClass(Loader.java:120)
		at ch.qos.logback.core.joran.action.NestedComplexPropertyIA.begin(NestedComplexPropertyIA.java:102)
		at ch.qos.logback.core.joran.spi.Interpreter.callBeginAction(Interpreter.java:269)
		at ch.qos.logback.core.joran.spi.Interpreter.startElement(Interpreter.java:145)
		at ch.qos.logback.core.joran.spi.Interpreter.startElement(Interpreter.java:128)
		at ch.qos.logback.core.joran.spi.EventPlayer.play(EventPlayer.java:50)
		at ch.qos.logback.core.joran.GenericConfigurator.doConfigure(GenericConfigurator.java:165)
		at ch.qos.logback.core.joran.GenericConfigurator.doConfigure(GenericConfigurator.java:152)
		at ch.qos.logback.core.joran.GenericConfigurator.doConfigure(GenericConfigurator.java:110)
		at ch.qos.logback.core.joran.GenericConfigurator.doConfigure(GenericConfigurator.java:53)
		at org.springframework.boot.logging.logback.LogbackLoggingSystem.configureByResourceUrl(LogbackLoggingSystem.java:199)
		at org.springframework.boot.logging.logback.LogbackLoggingSystem.loadConfiguration(LogbackLoggingSystem.java:165)
		... 22 common frames omitted
2023-09-19 10:40:14,055 [main] INFO  com.nexmotion.SyncNpaApplication - Starting SyncNpaApplication using Java 11.0.16 on DESKTOP-FDLUG09 with PID 15872 (C:\Users\kbh51\OneDrive\문서\GitHub\SyncNPA\build\classes\java\main started by kbh51 in C:\Users\kbh51\OneDrive\문서\GitHub\SyncNPA)
2023-09-19 10:40:14,056 [main] INFO  com.nexmotion.SyncNpaApplication - No active profile set, falling back to 1 default profile: "default"
2023-09-19 10:40:14,569 [main] INFO  o.s.i.c.DefaultConfiguringBeanFactoryPostProcessor - No bean named 'errorChannel' has been explicitly defined. Therefore, a default PublishSubscribeChannel will be created.
2023-09-19 10:40:14,584 [main] INFO  o.s.i.c.DefaultConfiguringBeanFactoryPostProcessor - No bean named 'integrationHeaderChannelRegistry' has been explicitly defined. Therefore, a default DefaultHeaderChannelRegistry will be created.
2023-09-19 10:40:15,246 [main] INFO  o.s.i.endpoint.EventDrivenConsumer - Adding {logging-channel-adapter:_org.springframework.integration.errorLogger} as a subscriber to the 'errorChannel' channel
2023-09-19 10:40:15,247 [main] INFO  o.s.i.c.PublishSubscribeChannel - Channel 'application.errorChannel' has 1 subscriber(s).
2023-09-19 10:40:15,248 [main] INFO  o.s.i.endpoint.EventDrivenConsumer - started bean '_org.springframework.integration.errorLogger'
2023-09-19 10:40:15,259 [main] INFO  com.nexmotion.SyncNpaApplication - Started SyncNpaApplication in 1.603 seconds (JVM running for 2.505)
2023-09-19 10:40:15,260 [main] INFO  com.nexmotion.SyncNpaApplication - start sync
2023-09-19 10:40:15,265 [main] INFO  com.zaxxer.hikari.HikariDataSource - HikariPool-1 - Starting...
2023-09-19 10:40:15,412 [main] INFO  log4jdbc.log4j2 - 1. Connection opened. {executed in 127ms} 
2023-09-19 10:40:15,413 [main] INFO  log4jdbc.log4j2 - 1. Connection.new Connection returned 
2023-09-19 10:40:15,413 [main] INFO  log4jdbc.log4j2 - 1. Connection.getNetworkTimeout() returned 0
2023-09-19 10:40:15,413 [main] INFO  log4jdbc.log4j2 - 1. Connection.isReadOnly() returned false
2023-09-19 10:40:15,413 [main] INFO  log4jdbc.log4j2 - 1. Connection.getAutoCommit() returned true
2023-09-19 10:40:15,416 [main] INFO  log4jdbc.log4j2 - 1. Connection.isValid(1) returned true
2023-09-19 10:40:15,419 [main] INFO  log4jdbc.log4j2 - 1. Connection.getTransactionIsolation() returned 4
2023-09-19 10:40:15,421 [main] INFO  com.zaxxer.hikari.HikariDataSource - HikariPool-1 - Start completed.
2023-09-19 10:40:15,423 [main] INFO  log4jdbc.log4j2 - 1. Connection.getAutoCommit() returned true
2023-09-19 10:40:15,425 [main] INFO  log4jdbc.log4j2 - 1. Connection.setAutoCommit(false) returned 
2023-09-19 10:40:15,446 [main] INFO  log4jdbc.log4j2 - 1. Connection.getAutoCommit() returned false
2023-09-19 10:40:15,455 [main] INFO  log4jdbc.log4j2 - 1. PreparedStatement.new PreparedStatement returned 
2023-09-19 10:40:15,455 [main] INFO  log4jdbc.log4j2 - 1. Connection.prepareStatement(/*ManagerMapper.getChgDate Query*/
        SELECT chgStartDate
              ,chgEndDate
          FROM syncdate) returned net.sf.log4jdbc.sql.jdbcapi.PreparedStatementSpy@5e180aaf
2023-09-19 10:40:15,471 [main] INFO  log4jdbc.log4j2 - 1. /*ManagerMapper.getChgDate Query*/ SELECT chgStartDate ,chgEndDate FROM syncdate  {executed in 13 ms}
2023-09-19 10:40:15,471 [main] INFO  log4jdbc.log4j2 - 1. PreparedStatement.execute() returned true
2023-09-19 10:40:15,473 [main] INFO  log4jdbc.log4j2 - 1. ResultSet.new ResultSet returned 
2023-09-19 10:40:15,473 [main] INFO  log4jdbc.log4j2 - 1. PreparedStatement.getResultSet() returned net.sf.log4jdbc.sql.jdbcapi.ResultSetSpy@1ab14636
2023-09-19 10:40:15,475 [main] INFO  log4jdbc.log4j2 - 1. ResultSet.getMetaData() returned com.mysql.cj.jdbc.result.ResultSetMetaData@6401188a - Field level information: 
	com.mysql.cj.result.Field@33a8c9c9[dbName=npa,tableName=syncdate,originalTableName=syncdate,columnName=chgStartDate,originalColumnName=chgstartdate,mysqlType=12(FIELD_TYPE_DATETIME),sqlType=93,flags= BINARY, charsetIndex=63, charsetName=ISO-8859-1]
	com.mysql.cj.result.Field@382dc417[dbName=npa,tableName=syncdate,originalTableName=syncdate,columnName=chgEndDate,originalColumnName=chgenddate,mysqlType=12(FIELD_TYPE_DATETIME),sqlType=93,flags= BINARY, charsetIndex=63, charsetName=ISO-8859-1]
2023-09-19 10:40:15,477 [main] INFO  log4jdbc.log4j2 - 1. ResultSet.getType() returned 1003
2023-09-19 10:40:15,477 [main] INFO  log4jdbc.log4j2 - 1. ResultSet.isClosed() returned false
2023-09-19 10:40:15,477 [main] INFO  log4jdbc.log4j2 - 1. ResultSet.next() returned true
2023-09-19 10:40:15,481 [main] INFO  log4jdbc.log4j2 - 1. ResultSet.getObject(chgStartDate,class java.time.LocalDateTime) returned 2023-09-18T16:38:01
2023-09-19 10:40:15,482 [main] INFO  log4jdbc.log4j2 - 1. ResultSet.getObject(chgEndDate,class java.time.LocalDateTime) returned 2023-09-18T16:38
2023-09-19 10:40:15,482 [main] INFO  log4jdbc.log4j2 - 1. ResultSet.isClosed() returned false
2023-09-19 10:40:15,483 [main] INFO  log4jdbc.log4j2 - 
|-------------|-----------|
|chgstartdate |chgenddate |
|-------------|-----------|
|-------------|-----------|

2023-09-19 10:40:15,483 [main] INFO  log4jdbc.log4j2 - 1. ResultSet.next() returned false
2023-09-19 10:40:15,484 [main] INFO  log4jdbc.log4j2 - 1. ResultSet.close() returned void
2023-09-19 10:40:15,484 [main] INFO  log4jdbc.log4j2 - 1. Connection.getMetaData() returned com.mysql.cj.jdbc.DatabaseMetaData@2199e845
2023-09-19 10:40:15,485 [main] INFO  log4jdbc.log4j2 - 1. PreparedStatement.getMoreResults() returned false
2023-09-19 10:40:15,485 [main] INFO  log4jdbc.log4j2 - 1. PreparedStatement.getUpdateCount() returned -1
2023-09-19 10:40:15,485 [main] INFO  log4jdbc.log4j2 - 1. PreparedStatement.close() returned 
2023-09-19 10:40:15,551 [HikariPool-1 connection adder] INFO  log4jdbc.log4j2 - 2. Connection opened. {executed in 16ms} 
2023-09-19 10:40:15,553 [HikariPool-1 connection adder] INFO  log4jdbc.log4j2 - 2. Connection.new Connection returned 
2023-09-19 10:40:15,553 [HikariPool-1 connection adder] INFO  log4jdbc.log4j2 - 2. Connection.isReadOnly() returned false
2023-09-19 10:40:15,553 [HikariPool-1 connection adder] INFO  log4jdbc.log4j2 - 2. Connection.getAutoCommit() returned true
2023-09-19 10:40:15,693 [HikariPool-1 connection adder] INFO  log4jdbc.log4j2 - 3. Connection opened. {executed in 139ms} 
2023-09-19 10:40:15,694 [HikariPool-1 connection adder] INFO  log4jdbc.log4j2 - 3. Connection.new Connection returned 
2023-09-19 10:40:15,694 [HikariPool-1 connection adder] INFO  log4jdbc.log4j2 - 3. Connection.isReadOnly() returned false
2023-09-19 10:40:15,694 [HikariPool-1 connection adder] INFO  log4jdbc.log4j2 - 3. Connection.getAutoCommit() returned true
2023-09-19 10:40:15,712 [HikariPool-1 connection adder] INFO  log4jdbc.log4j2 - 4. Connection opened. {executed in 18ms} 
2023-09-19 10:40:15,712 [HikariPool-1 connection adder] INFO  log4jdbc.log4j2 - 4. Connection.new Connection returned 
2023-09-19 10:40:15,712 [HikariPool-1 connection adder] INFO  log4jdbc.log4j2 - 4. Connection.isReadOnly() returned false
2023-09-19 10:40:15,712 [HikariPool-1 connection adder] INFO  log4jdbc.log4j2 - 4. Connection.getAutoCommit() returned true
2023-09-19 10:40:15,732 [HikariPool-1 connection adder] INFO  log4jdbc.log4j2 - 5. Connection opened. {executed in 20ms} 
2023-09-19 10:40:15,732 [HikariPool-1 connection adder] INFO  log4jdbc.log4j2 - 5. Connection.new Connection returned 
2023-09-19 10:40:15,732 [HikariPool-1 connection adder] INFO  log4jdbc.log4j2 - 5. Connection.isReadOnly() returned false
2023-09-19 10:40:15,732 [HikariPool-1 connection adder] INFO  log4jdbc.log4j2 - 5. Connection.getAutoCommit() returned true
2023-09-19 10:40:15,755 [HikariPool-1 connection adder] INFO  log4jdbc.log4j2 - 6. Connection opened. {executed in 22ms} 
2023-09-19 10:40:15,756 [HikariPool-1 connection adder] INFO  log4jdbc.log4j2 - 6. Connection.new Connection returned 
2023-09-19 10:40:15,756 [HikariPool-1 connection adder] INFO  log4jdbc.log4j2 - 6. Connection.isReadOnly() returned false
2023-09-19 10:40:15,756 [HikariPool-1 connection adder] INFO  log4jdbc.log4j2 - 6. Connection.getAutoCommit() returned true
2023-09-19 10:40:15,881 [HikariPool-1 connection adder] INFO  log4jdbc.log4j2 - 7. Connection opened. {executed in 125ms} 
2023-09-19 10:40:15,881 [HikariPool-1 connection adder] INFO  log4jdbc.log4j2 - 7. Connection.new Connection returned 
2023-09-19 10:40:15,881 [HikariPool-1 connection adder] INFO  log4jdbc.log4j2 - 7. Connection.isReadOnly() returned false
2023-09-19 10:40:15,881 [HikariPool-1 connection adder] INFO  log4jdbc.log4j2 - 7. Connection.getAutoCommit() returned true
2023-09-19 10:40:15,965 [HikariPool-1 connection adder] INFO  log4jdbc.log4j2 - 8. Connection opened. {executed in 83ms} 
2023-09-19 10:40:15,965 [HikariPool-1 connection adder] INFO  log4jdbc.log4j2 - 8. Connection.new Connection returned 
2023-09-19 10:40:15,965 [HikariPool-1 connection adder] INFO  log4jdbc.log4j2 - 8. Connection.isReadOnly() returned false
2023-09-19 10:40:15,965 [HikariPool-1 connection adder] INFO  log4jdbc.log4j2 - 8. Connection.getAutoCommit() returned true
2023-09-19 10:40:16,007 [HikariPool-1 connection adder] INFO  log4jdbc.log4j2 - 9. Connection opened. {executed in 41ms} 
2023-09-19 10:40:16,007 [HikariPool-1 connection adder] INFO  log4jdbc.log4j2 - 9. Connection.new Connection returned 
2023-09-19 10:40:16,007 [HikariPool-1 connection adder] INFO  log4jdbc.log4j2 - 9. Connection.isReadOnly() returned false
2023-09-19 10:40:16,007 [HikariPool-1 connection adder] INFO  log4jdbc.log4j2 - 9. Connection.getAutoCommit() returned true
2023-09-19 10:40:16,024 [HikariPool-1 connection adder] INFO  log4jdbc.log4j2 - 10. Connection opened. {executed in 16ms} 
2023-09-19 10:40:16,024 [HikariPool-1 connection adder] INFO  log4jdbc.log4j2 - 10. Connection.new Connection returned 
2023-09-19 10:40:16,024 [HikariPool-1 connection adder] INFO  log4jdbc.log4j2 - 10. Connection.isReadOnly() returned false
2023-09-19 10:40:16,024 [HikariPool-1 connection adder] INFO  log4jdbc.log4j2 - 10. Connection.getAutoCommit() returned true
2023-09-19 10:40:17,687 [main] INFO  log4jdbc.log4j2 - 1. Connection.rollback() returned 
2023-09-19 10:40:17,692 [main] INFO  log4jdbc.log4j2 - 1. Connection.setAutoCommit(true) returned 
2023-09-19 10:40:17,694 [main] INFO  log4jdbc.log4j2 - 1. Connection.clearWarnings() returned 
2023-09-19 10:40:17,697 [main] ERROR com.nexmotion.SyncNpaApplication - ERROR_sync()
java.lang.Exception: org.apache.http.conn.HttpHostConnectException: Connect to 192.168.0.44:8010 [/192.168.0.44] failed: Connection refused: connect
	at com.nexmotion.requester.AbstractRequester.request(AbstractRequester.java:260)
	at com.nexmotion.requester.AbstractRequester.send(AbstractRequester.java:217)
	at com.nexmotion.requester.AbstractRequester.run(AbstractRequester.java:177)
	at com.nexmotion.sync.SyncData.sync(SyncData.java:63)
	at com.nexmotion.sync.SyncData$$FastClassBySpringCGLIB$$a8098074.invoke(<generated>)
	at org.springframework.cglib.proxy.MethodProxy.invoke(MethodProxy.java:218)
	at org.springframework.aop.framework.CglibAopProxy$CglibMethodInvocation.invokeJoinpoint(CglibAopProxy.java:793)
	at org.springframework.aop.framework.ReflectiveMethodInvocation.proceed(ReflectiveMethodInvocation.java:163)
	at org.springframework.aop.framework.CglibAopProxy$CglibMethodInvocation.proceed(CglibAopProxy.java:763)
	at org.springframework.transaction.interceptor.TransactionInterceptor$1.proceedWithInvocation(TransactionInterceptor.java:123)
	at org.springframework.transaction.interceptor.TransactionAspectSupport.invokeWithinTransaction(TransactionAspectSupport.java:388)
	at org.springframework.transaction.interceptor.TransactionInterceptor.invoke(TransactionInterceptor.java:119)
	at org.springframework.aop.framework.ReflectiveMethodInvocation.proceed(ReflectiveMethodInvocation.java:186)
	at org.springframework.aop.framework.CglibAopProxy$CglibMethodInvocation.proceed(CglibAopProxy.java:763)
	at org.springframework.aop.framework.CglibAopProxy$DynamicAdvisedInterceptor.intercept(CglibAopProxy.java:708)
	at com.nexmotion.sync.SyncData$$EnhancerBySpringCGLIB$$ac4a8176.sync(<generated>)
	at com.nexmotion.SyncNpaApplication.run(SyncNpaApplication.java:30)
	at org.springframework.boot.SpringApplication.callRunner(SpringApplication.java:768)
	at org.springframework.boot.SpringApplication.callRunners(SpringApplication.java:752)
	at org.springframework.boot.SpringApplication.run(SpringApplication.java:314)
	at org.springframework.boot.SpringApplication.run(SpringApplication.java:1303)
	at org.springframework.boot.SpringApplication.run(SpringApplication.java:1292)
	at com.nexmotion.SyncNpaApplication.main(SyncNpaApplication.java:23)
Caused by: org.apache.http.conn.HttpHostConnectException: Connect to 192.168.0.44:8010 [/192.168.0.44] failed: Connection refused: connect
	at org.apache.http.impl.conn.HttpClientConnectionOperator.connect(HttpClientConnectionOperator.java:142)
	at org.apache.http.impl.conn.PoolingHttpClientConnectionManager.connect(PoolingHttpClientConnectionManager.java:319)
	at org.apache.http.impl.execchain.MainClientExec.establishRoute(MainClientExec.java:363)
	at org.apache.http.impl.execchain.MainClientExec.execute(MainClientExec.java:219)
	at org.apache.http.impl.execchain.ProtocolExec.execute(ProtocolExec.java:195)
	at org.apache.http.impl.execchain.RetryExec.execute(RetryExec.java:86)
	at org.apache.http.impl.execchain.RedirectExec.execute(RedirectExec.java:108)
	at org.apache.http.impl.client.InternalHttpClient.doExecute(InternalHttpClient.java:184)
	at org.apache.http.impl.client.CloseableHttpClient.execute(CloseableHttpClient.java:82)
	at org.apache.http.impl.client.CloseableHttpClient.execute(CloseableHttpClient.java:106)
	at com.nexmotion.requester.AbstractRequester.request(AbstractRequester.java:254)
	... 22 common frames omitted
Caused by: java.net.ConnectException: Connection refused: connect
	at java.base/java.net.PlainSocketImpl.waitForConnect(Native Method)
	at java.base/java.net.PlainSocketImpl.socketConnect(PlainSocketImpl.java:107)
	at java.base/java.net.AbstractPlainSocketImpl.doConnect(AbstractPlainSocketImpl.java:412)
	at java.base/java.net.AbstractPlainSocketImpl.connectToAddress(AbstractPlainSocketImpl.java:255)
	at java.base/java.net.AbstractPlainSocketImpl.connect(AbstractPlainSocketImpl.java:237)
	at java.base/java.net.SocksSocketImpl.connect(SocksSocketImpl.java:392)
	at java.base/java.net.Socket.connect(Socket.java:608)
	at org.apache.http.conn.socket.PlainConnectionSocketFactory.connectSocket(PlainConnectionSocketFactory.java:72)
	at org.apache.http.impl.conn.HttpClientConnectionOperator.connect(HttpClientConnectionOperator.java:125)
	... 32 common frames omitted
2023-09-19 10:40:17,698 [main] INFO  com.nexmotion.SyncNpaApplication - end sync
2023-09-19 10:40:17,703 [SpringApplicationShutdownHook] INFO  o.s.i.endpoint.EventDrivenConsumer - Removing {logging-channel-adapter:_org.springframework.integration.errorLogger} as a subscriber to the 'errorChannel' channel
2023-09-19 10:40:17,704 [SpringApplicationShutdownHook] INFO  o.s.i.c.PublishSubscribeChannel - Channel 'application.errorChannel' has 0 subscriber(s).
2023-09-19 10:40:17,704 [SpringApplicationShutdownHook] INFO  o.s.i.endpoint.EventDrivenConsumer - stopped bean '_org.springframework.integration.errorLogger'
2023-09-19 10:40:17,707 [SpringApplicationShutdownHook] INFO  com.zaxxer.hikari.HikariDataSource - HikariPool-1 - Shutdown initiated...
2023-09-19 10:40:17,714 [HikariPool-1 connection closer] INFO  log4jdbc.log4j2 - 1. Connection closed. {executed in 4ms} 
2023-09-19 10:40:17,714 [HikariPool-1 connection closer] INFO  log4jdbc.log4j2 - 1. Connection.close() returned 
2023-09-19 10:40:17,714 [HikariPool-1 connection closer] INFO  log4jdbc.log4j2 - 2. Connection closed. {executed in 0ms} 
2023-09-19 10:40:17,714 [HikariPool-1 connection closer] INFO  log4jdbc.log4j2 - 2. Connection.close() returned 
2023-09-19 10:40:17,715 [HikariPool-1 connection closer] INFO  log4jdbc.log4j2 - 3. Connection closed. {executed in 1ms} 
2023-09-19 10:40:17,715 [HikariPool-1 connection closer] INFO  log4jdbc.log4j2 - 3. Connection.close() returned 
2023-09-19 10:40:17,715 [HikariPool-1 connection closer] INFO  log4jdbc.log4j2 - 4. Connection closed. {executed in 0ms} 
2023-09-19 10:40:17,715 [HikariPool-1 connection closer] INFO  log4jdbc.log4j2 - 4. Connection.close() returned 
2023-09-19 10:40:17,715 [HikariPool-1 connection closer] INFO  log4jdbc.log4j2 - 5. Connection closed. {executed in 0ms} 
2023-09-19 10:40:17,715 [HikariPool-1 connection closer] INFO  log4jdbc.log4j2 - 5. Connection.close() returned 
2023-09-19 10:40:17,717 [HikariPool-1 connection closer] INFO  log4jdbc.log4j2 - 6. Connection closed. {executed in 0ms} 
2023-09-19 10:40:17,717 [HikariPool-1 connection closer] INFO  log4jdbc.log4j2 - 6. Connection.close() returned 
2023-09-19 10:40:17,717 [HikariPool-1 connection closer] INFO  log4jdbc.log4j2 - 7. Connection closed. {executed in 0ms} 
2023-09-19 10:40:17,717 [HikariPool-1 connection closer] INFO  log4jdbc.log4j2 - 7. Connection.close() returned 
2023-09-19 10:40:17,718 [HikariPool-1 connection closer] INFO  log4jdbc.log4j2 - 8. Connection closed. {executed in 1ms} 
2023-09-19 10:40:17,718 [HikariPool-1 connection closer] INFO  log4jdbc.log4j2 - 8. Connection.close() returned 
2023-09-19 10:40:17,718 [HikariPool-1 connection closer] INFO  log4jdbc.log4j2 - 9. Connection closed. {executed in 0ms} 
2023-09-19 10:40:17,718 [HikariPool-1 connection closer] INFO  log4jdbc.log4j2 - 9. Connection.close() returned 
2023-09-19 10:40:17,718 [HikariPool-1 connection closer] INFO  log4jdbc.log4j2 - 10. Connection closed. {executed in 0ms} 
2023-09-19 10:40:17,719 [HikariPool-1 connection closer] INFO  log4jdbc.log4j2 - 10. Connection.close() returned 
2023-09-19 10:40:17,719 [SpringApplicationShutdownHook] INFO  com.zaxxer.hikari.HikariDataSource - HikariPool-1 - Shutdown completed.
